Requirement already satisfied: Flask==3.1.0 in d:\python\python\flask\0_appweb\venv\lib\site-packages (from -r requirements.txt (line 1)) (3.1.0)
Requirement already satisfied: Flask-SQLAlchemy==3.1.1 in d:\python\python\flask\0_appweb\venv\lib\site-packages (from -r requirements.txt (line 2)) (3.1.1)
Requirement already satisfied: Flask-Login==0.6.3 in d:\python\python\flask\0_appweb\venv\lib\site-packages (from -r requirements.txt (line 3)) (0.6.3)
Requirement already satisfied: Flask-Migrate==4.1.0 in d:\python\python\flask\0_appweb\venv\lib\site-packages (from -r requirements.txt (line 4)) (4.1.0)
Requirement already satisfied: Flask-Minify==0.50 in d:\python\python\flask\0_appweb\venv\lib\site-packages (from -r requirements.txt (line 5)) (0.50)
Requirement already satisfied: Flask-WTF==1.2.2 in d:\python\python\flask\0_appweb\venv\lib\site-packages (from -r requirements.txt (line 6)) (1.2.2)
Requirement already satisfied: python-dotenv==1.1.0 in d:\python\python\flask\0_appweb\venv\lib\site-packages (from -r requirements.txt (line 7)) (1.1.0)
Requirement already satisfied: Werkzeug>=3.1 in d:\python\python\flask\0_appweb\venv\lib\site-packages (from Flask==3.1.0->-r requirements.txt (line 1)) (3.1.3)
Requirement already satisfied: Jinja2>=3.1.2 in d:\python\python\flask\0_appweb\venv\lib\site-packages (from Flask==3.1.0->-r requirements.txt (line 1)) (3.1.6)
Requirement already satisfied: itsdangerous>=2.2 in d:\python\python\flask\0_appweb\venv\lib\site-packages (from Flask==3.1.0->-r requirements.txt (line 1)) (2.2.0)
Requirement already satisfied: click>=8.1.3 in d:\python\python\flask\0_appweb\venv\lib\site-packages (from Flask==3.1.0->-r requirements.txt (line 1)) (8.1.8)
Requirement already satisfied: blinker>=1.9 in d:\python\python\flask\0_appweb\venv\lib\site-packages (from Flask==3.1.0->-r requirements.txt (line 1)) (1.9.0)
Requirement already satisfied: sqlalchemy>=2.0.16 in d:\python\python\flask\0_appweb\venv\lib\site-packages (from Flask-SQLAlchemy==3.1.1->-r requirements.txt (line 2)) (2.0.40)
Requirement already satisfied: alembic>=1.9.0 in d:\python\python\flask\0_appweb\venv\lib\site-packages (from Flask-Migrate==4.1.0->-r requirements.txt (line 4)) (1.15.2)
Requirement already satisfied: six in d:\python\python\flask\0_appweb\venv\lib\site-packages (from Flask-Minify==0.50->-r requirements.txt (line 5)) (1.17.0)
Requirement already satisfied: lesscpy in d:\python\python\flask\0_appweb\venv\lib\site-packages (from Flask-Minify==0.50->-r requirements.txt (line 5)) (0.15.1)
Requirement already satisfied: htmlminf in d:\python\python\flask\0_appweb\venv\lib\site-packages (from Flask-Minify==0.50->-r requirements.txt (line 5)) (0.1.13)
Requirement already satisfied: jsmin in d:\python\python\flask\0_appweb\venv\lib\site-packages (from Flask-Minify==0.50->-r requirements.txt (line 5)) (3.0.1)
Requirement already satisfied: xxhash in d:\python\python\flask\0_appweb\venv\lib\site-packages (from Flask-Minify==0.50->-r requirements.txt (line 5)) (3.5.0)
Requirement already satisfied: rcssmin in d:\python\python\flask\0_appweb\venv\lib\site-packages (from Flask-Minify==0.50->-r requirements.txt (line 5)) (1.2.1)
Requirement already satisfied: wtforms in d:\python\python\flask\0_appweb\venv\lib\site-packages (from Flask-WTF==1.2.2->-r requirements.txt (line 6)) (3.2.1)
Requirement already satisfied: Mako in d:\python\python\flask\0_appweb\venv\lib\site-packages (from alembic>=1.9.0->Flask-Migrate==4.1.0->-r requirements.txt (line 4)) (1.3.10)
Requirement already satisfied: typing-extensions>=4.12 in d:\python\python\flask\0_appweb\venv\lib\site-packages (from alembic>=1.9.0->Flask-Migrate==4.1.0->-r requirements.txt (line 4)) (4.13.2)
Requirement already satisfied: colorama in d:\python\python\flask\0_appweb\venv\lib\site-packages (from click>=8.1.3->Flask==3.1.0->-r requirements.txt (line 1)) (0.4.6)
Requirement already satisfied: MarkupSafe>=2.0 in d:\python\python\flask\0_appweb\venv\lib\site-packages (from Jinja2>=3.1.2->Flask==3.1.0->-r requirements.txt (line 1)) (3.0.2)
Requirement already satisfied: greenlet>=1 in d:\python\python\flask\0_appweb\venv\lib\site-packages (from sqlalchemy>=2.0.16->Flask-SQLAlchemy==3.1.1->-r requirements.txt (line 2)) (3.1.1)
Requirement already satisfied: ply in d:\python\python\flask\0_appweb\venv\lib\site-packages (from lesscpy->Flask-Minify==0.50->-r requirements.txt (line 5)) (3.11)
